<?xml version="1.0" encoding="UTF-8"?>
<!-- Generated by org.testng.reporters.JUnitReportReporter -->
<testsuite hostname="LAPTOP-GKHRCD72" failures="0" tests="8" name="qalegend.PaymentAccountModule" time="133.327" errors="0" timestamp="2023-06-13T19:53:38 IST" skipped="0">
  <testcase classname="qalegend.PaymentAccountModule" name="verifyUserIsAbleToCloseAccountOnAcceptingConfirmationPopUp" time="15.065"/>
  <system-out/>
  <testcase classname="qalegend.PaymentAccountModule" name="verifyAccountCanBeEditedSuccessfully" time="14.557"/>
  <system-out/>
  <testcase classname="qalegend.PaymentAccountModule" name="verifyClosedAccountsAreNotDisplayedForFundTransferTOAccountDropdown" time="16.755"/>
  <system-out/>
  <testcase classname="qalegend.PaymentAccountModule" name="verifyBalanceIncreasesWithDeposits" time="19.366"/>
  <system-out/>
  <testcase classname="qalegend.PaymentAccountModule" name="verifyBalanceShownInPaymentAccountsPageIsCorrect" time="20.218"/>
  <system-out/>
  <testcase classname="qalegend.PaymentAccountModule" name="verifyUserIsAbleToTransferFundSuccessfully" time="17.466"/>
  <system-out/>
  <testcase classname="qalegend.PaymentAccountModule" name="verifyUserIsNotAbleToCloseAccountOnCancellingConfirmationPopUp" time="18.284"/>
  <system-out/>
  <testcase classname="qalegend.PaymentAccountModule" name="verifyUserIsAbleToAddAccountSuccessfully" time="11.616"/>
  <system-out/>
</testsuite> <!-- qalegend.PaymentAccountModule -->
