<?xml version="1.0" encoding="UTF-8"?>
<!-- Generated by org.testng.reporters.JUnitReportReporter -->
<testsuite hostname="LAPTOP-GKHRCD72" failures="0" tests="1" name="qalegend.UserManagementModule" time="36.430" errors="0" timestamp="2023-04-15T11:56:39 IST" skipped="0">
  <testcase classname="qalegend.UserManagementModule" name="verifyInactiveUserCase" time="36.430"/>
  <system-out/>
</testsuite> <!-- qalegend.UserManagementModule -->
