<?xml version="1.0" encoding="UTF-8"?>
<!-- Generated by org.testng.reporters.JUnitReportReporter -->
<testsuite hostname="LAPTOP-GKHRCD72" failures="0" tests="7" name="qalegend.TaxRateModule" time="88.027" errors="0" timestamp="2023-06-11T19:30:50 IST" skipped="0">
  <testcase classname="qalegend.TaxRateModule" name="verifyUserIsUnableToAddTaxRateOnLeavingNameFieldBlank" time="11.154"/>
  <system-out/>
  <testcase classname="qalegend.TaxRateModule" name="verifyTaxRateUsedInTaxGroupCannotBeDeleted" time="13.730"/>
  <system-out/>
  <testcase classname="qalegend.TaxRateModule" name="verifyUserIsUnableToAddTaxRateOnLeavingTaxRateFieldBlank" time="12.176"/>
  <system-out/>
  <testcase classname="qalegend.TaxRateModule" name="verifyUserIsAbleToDeleteTaxRateSuccessfully" time="13.045"/>
  <system-out/>
  <testcase classname="qalegend.TaxRateModule" name="verifyUserIsAbleToAddTaxGroupSuccessfully" time="12.206"/>
  <system-out/>
  <testcase classname="qalegend.TaxRateModule" name="verifyTaxRateCreationOnEnteringValidData" time="12.266"/>
  <system-out/>
  <testcase classname="qalegend.TaxRateModule" name="verifyUserIsAbleToEditTaxRateSuccessfully" time="13.450"/>
  <system-out/>
</testsuite> <!-- qalegend.TaxRateModule -->
