<?xml version="1.0" encoding="UTF-8"?>
<!-- Generated by org.testng.reporters.JUnitReportReporter -->
<testsuite hostname="LAPTOP-GKHRCD72" failures="0" tests="1" name="qalegend.TaxRateModule" time="24.951" errors="0" timestamp="2023-04-12T08:56:36 IST" skipped="0">
  <testcase classname="qalegend.TaxRateModule" name="verifyUserIsUnableToAddTaxRateOnLeavingTaxRateFieldBlank" time="24.951"/>
  <system-out/>
</testsuite> <!-- qalegend.TaxRateModule -->
