<?xml version="1.0" encoding="UTF-8"?>
<!-- Generated by org.testng.reporters.JUnitReportReporter -->
<testsuite hostname="LAPTOP-GKHRCD72" failures="0" tests="7" name="qalegend.TaxRateModule" time="79.412" errors="0" timestamp="2023-06-13T19:53:38 IST" skipped="0">
  <testcase classname="qalegend.TaxRateModule" name="verifyUserIsAbleToEditTaxRateSuccessfully" time="11.500"/>
  <system-out/>
  <testcase classname="qalegend.TaxRateModule" name="verifyUserIsAbleToAddTaxGroupSuccessfully" time="12.404"/>
  <system-out/>
  <testcase classname="qalegend.TaxRateModule" name="verifyUserIsUnableToAddTaxRateOnLeavingTaxRateFieldBlank" time="10.557"/>
  <system-out/>
  <testcase classname="qalegend.TaxRateModule" name="verifyUserIsUnableToAddTaxRateOnLeavingNameFieldBlank" time="10.390"/>
  <system-out/>
  <testcase classname="qalegend.TaxRateModule" name="verifyTaxRateCreationOnEnteringValidData" time="12.175"/>
  <system-out/>
  <testcase classname="qalegend.TaxRateModule" name="verifyUserIsAbleToDeleteTaxRateSuccessfully" time="11.686"/>
  <system-out/>
  <testcase classname="qalegend.TaxRateModule" name="verifyTaxRateUsedInTaxGroupCannotBeDeleted" time="10.700"/>
  <system-out/>
</testsuite> <!-- qalegend.TaxRateModule -->
