<?xml version="1.0" encoding="UTF-8"?>
<!-- Generated by org.testng.reporters.JUnitReportReporter -->
<testsuite hostname="LAPTOP-GKHRCD72" failures="0" tests="1" name="qalegend.TaxRateModule" time="14.204" errors="0" timestamp="2023-06-20T20:50:43 IST" skipped="0">
  <testcase classname="qalegend.TaxRateModule" name="verifyUserIsAbleToAddTaxGroupSuccessfully" time="14.204"/>
  <system-out/>
</testsuite> <!-- qalegend.TaxRateModule -->
