<?xml version="1.0" encoding="UTF-8"?>
<!-- Generated by org.testng.reporters.JUnitReportReporter -->
<testsuite hostname="LAPTOP-GKHRCD72" failures="0" tests="2" name="qalegend.LoginTestCase" time="28.967" errors="0" timestamp="2023-05-11T20:59:24 IST" skipped="0">
  <testcase classname="qalegend.LoginTestCase" name="verifyLoginWithValidUsernameAndValidPassword" time="17.603"/>
  <system-out/>
  <testcase classname="qalegend.LoginTestCase" name="verifyLoginWithValidUsernameAndInvalidPassword" time="11.364"/>
  <system-out/>
</testsuite> <!-- qalegend.LoginTestCase -->
