<?xml version="1.0" encoding="UTF-8"?>
<!-- Generated by org.testng.reporters.JUnitReportReporter -->
<testsuite hostname="LAPTOP-GKHRCD72" failures="0" tests="5" name="qalegend.RoleModule" time="113.438" errors="0" timestamp="2023-04-13T08:58:48 IST" skipped="0">
  <testcase classname="qalegend.RoleModule" name="verifyEditRoleFunction" time="30.479"/>
  <system-out/>
  <testcase classname="qalegend.RoleModule" name="verifyAddRoleFunction" time="21.960"/>
  <system-out/>
  <testcase classname="qalegend.RoleModule" name="verifyUserIsAbleToDeleteRoleOnAcceptingConfirmationMessage" time="19.770"/>
  <system-out/>
  <testcase classname="qalegend.RoleModule" name="verifyUserIsNotAbleToDeleteRoleIfConfirmationMessageIsCancelled" time="21.341"/>
  <system-out/>
  <testcase classname="qalegend.RoleModule" name="verifyValidationMessageShownOnSearchingANonExistingRoleName" time="19.888"/>
  <system-out/>
</testsuite> <!-- qalegend.RoleModule -->
