<?xml version="1.0" encoding="UTF-8"?>
<!-- Generated by org.testng.reporters.JUnitReportReporter -->
<testsuite hostname="LAPTOP-GKHRCD72" failures="0" tests="2" name="qalegend.LoginTestCase" time="17.744" errors="0" timestamp="2023-06-11T19:30:50 IST" skipped="0">
  <testcase classname="qalegend.LoginTestCase" name="verifyLoginWithValidUsernameAndInvalidPassword" time="8.058"/>
  <system-out/>
  <testcase classname="qalegend.LoginTestCase" name="verifyLoginWithValidUsernameAndValidPassword" time="9.686"/>
  <system-out/>
</testsuite> <!-- qalegend.LoginTestCase -->
