<?xml version="1.0" encoding="UTF-8"?>
<!-- Generated by org.testng.reporters.JUnitReportReporter -->
<testsuite hostname="LAPTOP-GKHRCD72" failures="0" tests="8" name="qalegend.PaymentAccountModule" time="123.374" errors="0" timestamp="2023-06-13T20:44:11 IST" skipped="0">
  <testcase classname="qalegend.PaymentAccountModule" name="verifyUserIsAbleToCloseAccountOnAcceptingConfirmationPopUp" time="14.050"/>
  <system-out/>
  <testcase classname="qalegend.PaymentAccountModule" name="verifyUserIsNotAbleToCloseAccountOnCancellingConfirmationPopUp" time="16.519"/>
  <system-out/>
  <testcase classname="qalegend.PaymentAccountModule" name="verifyAccountCanBeEditedSuccessfully" time="13.555"/>
  <system-out/>
  <testcase classname="qalegend.PaymentAccountModule" name="verifyBalanceShownInPaymentAccountsPageIsCorrect" time="21.047"/>
  <system-out/>
  <testcase classname="qalegend.PaymentAccountModule" name="verifyClosedAccountsAreNotDisplayedForFundTransferTOAccountDropdown" time="16.276"/>
  <system-out/>
  <testcase classname="qalegend.PaymentAccountModule" name="verifyUserIsAbleToAddAccountSuccessfully" time="10.321"/>
  <system-out/>
  <testcase classname="qalegend.PaymentAccountModule" name="verifyUserIsAbleToTransferFundSuccessfully" time="14.575"/>
  <system-out/>
  <testcase classname="qalegend.PaymentAccountModule" name="verifyBalanceIncreasesWithDeposits" time="17.031"/>
  <system-out/>
</testsuite> <!-- qalegend.PaymentAccountModule -->
