<?xml version="1.0" encoding="UTF-8"?>
<!-- Generated by org.testng.reporters.JUnitReportReporter -->
<testsuite hostname="LAPTOP-GKHRCD72" failures="0" tests="8" name="qalegend.PaymentAccountModule" time="160.024" errors="0" timestamp="2023-05-11T20:59:24 IST" skipped="0">
  <testcase classname="qalegend.PaymentAccountModule" name="verifyUserIsAbleToTransferFundSuccessfully" time="19.712"/>
  <system-out/>
  <testcase classname="qalegend.PaymentAccountModule" name="verifyUserIsNotAbleToCloseAccountOnCancellingConfirmationPopUp" time="21.200"/>
  <system-out/>
  <testcase classname="qalegend.PaymentAccountModule" name="verifyAccountCanBeEditedSuccessfully" time="19.857"/>
  <system-out/>
  <testcase classname="qalegend.PaymentAccountModule" name="verifyUserIsAbleToCloseAccountOnAcceptingConfirmationPopUp" time="16.818"/>
  <system-out/>
  <testcase classname="qalegend.PaymentAccountModule" name="verifyBalanceIncreasesWithDeposits" time="22.891"/>
  <system-out/>
  <testcase classname="qalegend.PaymentAccountModule" name="verifyClosedAccountsAreNotDisplayedForFundTransferTOAccountDropdown" time="22.037"/>
  <system-out/>
  <testcase classname="qalegend.PaymentAccountModule" name="verifyUserIsAbleToAddAccountSuccessfully" time="14.860"/>
  <system-out/>
  <testcase classname="qalegend.PaymentAccountModule" name="verifyBalanceShownInPaymentAccountsPageIsCorrect" time="22.649"/>
  <system-out/>
</testsuite> <!-- qalegend.PaymentAccountModule -->
