<?xml version="1.0" encoding="UTF-8"?>
<!-- Generated by org.testng.reporters.JUnitReportReporter -->
<testsuite hostname="LAPTOP-GKHRCD72" failures="0" tests="2" name="qalegend.LoginTestCase" time="15.423" errors="0" timestamp="2023-06-13T19:53:38 IST" skipped="0">
  <testcase classname="qalegend.LoginTestCase" name="verifyLoginWithValidUsernameAndInvalidPassword" time="5.643"/>
  <system-out/>
  <testcase classname="qalegend.LoginTestCase" name="verifyLoginWithValidUsernameAndValidPassword" time="9.780"/>
  <system-out/>
</testsuite> <!-- qalegend.LoginTestCase -->
