<?xml version="1.0" encoding="UTF-8"?>
<!-- Generated by org.testng.reporters.JUnitReportReporter -->
<testsuite hostname="LAPTOP-GKHRCD72" failures="0" tests="2" name="qalegend.RoleModule" time="30.343" errors="0" timestamp="2023-06-13T20:17:35 IST" skipped="0">
  <testcase classname="qalegend.RoleModule" name="verifyValidationMessageShownOnSearchingANonExistingRoleName" time="20.182"/>
  <system-out/>
  <testcase classname="qalegend.RoleModule" name="verifyUserIsNotAbleToDeleteRoleIfConfirmationMessageIsCancelled" time="10.161"/>
  <system-out/>
</testsuite> <!-- qalegend.RoleModule -->
