<?xml version="1.0" encoding="UTF-8"?>
<!-- Generated by org.testng.reporters.JUnitReportReporter -->
<testsuite hostname="LAPTOP-GKHRCD72" failures="0" tests="4" name="qalegend.UserManagementModule" time="138.662" errors="0" timestamp="2023-06-13T20:17:35 IST" skipped="0">
  <testcase classname="qalegend.UserManagementModule" name="verifySearchUserFunctionality" time="21.299"/>
  <system-out/>
  <testcase classname="qalegend.UserManagementModule" name="verifyUserNotDeletedOnClickingCancelOfConfirmationMessage" time="10.182"/>
  <system-out/>
  <testcase classname="qalegend.UserManagementModule" name="verifyViewUserFunctionality" time="23.527"/>
  <system-out/>
  <testcase classname="qalegend.UserManagementModule" name="verifyUserCreationWithValidData" time="83.654"/>
  <system-out/>
</testsuite> <!-- qalegend.UserManagementModule -->
