<?xml version="1.0" encoding="UTF-8"?>
<!-- Generated by org.testng.reporters.JUnitReportReporter -->
<testsuite hostname="LAPTOP-GKHRCD72" failures="0" tests="8" name="qalegend.UserManagementModule" time="119.700" errors="0" timestamp="2023-06-13T19:53:38 IST" skipped="0">
  <testcase classname="qalegend.UserManagementModule" name="verifyUserCreationWithValidData" time="15.531"/>
  <system-out/>
  <testcase classname="qalegend.UserManagementModule" name="verifyUserDeletedOnAcceptingConfirmationMessage" time="12.552"/>
  <system-out/>
  <testcase classname="qalegend.UserManagementModule" name="verifyUserNotDeletedOnClickingCancelOfConfirmationMessage" time="12.981"/>
  <system-out/>
  <testcase classname="qalegend.UserManagementModule" name="verifyEditUserFunction" time="15.944"/>
  <system-out/>
  <testcase classname="qalegend.UserManagementModule" name="verifySearchUserFunctionality" time="12.808"/>
  <system-out/>
  <testcase classname="qalegend.UserManagementModule" name="verifyInactiveUserCase" time="21.170"/>
  <system-out/>
  <testcase classname="qalegend.UserManagementModule" name="verifyViewUserFunctionality" time="12.807"/>
  <system-out/>
  <testcase classname="qalegend.UserManagementModule" name="verifyErrorMessageOnEnteringExistingUsernameInUserCreationPage" time="15.907"/>
  <system-out/>
</testsuite> <!-- qalegend.UserManagementModule -->
