<?xml version="1.0" encoding="UTF-8"?>
<!-- Generated by org.testng.reporters.JUnitReportReporter -->
<testsuite hostname="LAPTOP-GKHRCD72" failures="0" tests="8" name="qalegend.UserManagementModule" time="157.077" errors="0" timestamp="2023-05-11T20:59:24 IST" skipped="0">
  <testcase classname="qalegend.UserManagementModule" name="verifyInactiveUserCase" time="26.819"/>
  <system-out/>
  <testcase classname="qalegend.UserManagementModule" name="verifySearchUserFunctionality" time="15.988"/>
  <system-out/>
  <testcase classname="qalegend.UserManagementModule" name="verifyUserDeletedOnAcceptingConfirmationMessage" time="16.659"/>
  <system-out/>
  <testcase classname="qalegend.UserManagementModule" name="verifyViewUserFunctionality" time="18.368"/>
  <system-out/>
  <testcase classname="qalegend.UserManagementModule" name="verifyUserNotDeletedOnClickingCancelOfConfirmationMessage" time="17.934"/>
  <system-out/>
  <testcase classname="qalegend.UserManagementModule" name="verifyEditUserFunction" time="18.414"/>
  <system-out/>
  <testcase classname="qalegend.UserManagementModule" name="verifyUserCreationWithValidData" time="22.816"/>
  <system-out/>
  <testcase classname="qalegend.UserManagementModule" name="verifyErrorMessageOnEnteringExistingUsernameInUserCreationPage" time="20.079"/>
  <system-out/>
</testsuite> <!-- qalegend.UserManagementModule -->
