<?xml version="1.0" encoding="UTF-8"?>
<!-- Generated by org.testng.reporters.JUnitReportReporter -->
<testsuite hostname="LAPTOP-GKHRCD72" failures="0" tests="8" name="qalegend.UserManagementModule" time="134.760" errors="0" timestamp="2023-06-11T19:30:50 IST" skipped="0">
  <testcase classname="qalegend.UserManagementModule" name="verifyUserNotDeletedOnClickingCancelOfConfirmationMessage" time="13.169"/>
  <system-out/>
  <testcase classname="qalegend.UserManagementModule" name="verifyUserDeletedOnAcceptingConfirmationMessage" time="15.594"/>
  <system-out/>
  <testcase classname="qalegend.UserManagementModule" name="verifyUserCreationWithValidData" time="19.910"/>
  <system-out/>
  <testcase classname="qalegend.UserManagementModule" name="verifySearchUserFunctionality" time="16.391"/>
  <system-out/>
  <testcase classname="qalegend.UserManagementModule" name="verifyInactiveUserCase" time="24.413"/>
  <system-out/>
  <testcase classname="qalegend.UserManagementModule" name="verifyEditUserFunction" time="17.619"/>
  <system-out/>
  <testcase classname="qalegend.UserManagementModule" name="verifyViewUserFunctionality" time="12.895"/>
  <system-out/>
  <testcase classname="qalegend.UserManagementModule" name="verifyErrorMessageOnEnteringExistingUsernameInUserCreationPage" time="14.769"/>
  <system-out/>
</testsuite> <!-- qalegend.UserManagementModule -->
