<?xml version="1.0" encoding="UTF-8"?>
<!-- Generated by org.testng.reporters.JUnitReportReporter -->
<testsuite hostname="LAPTOP-GKHRCD72" failures="0" tests="5" name="qalegend.RoleModule" time="89.424" errors="0" timestamp="2023-05-11T20:59:24 IST" skipped="0">
  <testcase classname="qalegend.RoleModule" name="verifyValidationMessageShownOnSearchingANonExistingRoleName" time="15.255"/>
  <system-out/>
  <testcase classname="qalegend.RoleModule" name="verifyUserIsAbleToDeleteRoleOnAcceptingConfirmationMessage" time="14.668"/>
  <system-out/>
  <testcase classname="qalegend.RoleModule" name="verifyUserIsNotAbleToDeleteRoleIfConfirmationMessageIsCancelled" time="18.087"/>
  <system-out/>
  <testcase classname="qalegend.RoleModule" name="verifyAddRoleFunction" time="20.237"/>
  <system-out/>
  <testcase classname="qalegend.RoleModule" name="verifyEditRoleFunction" time="21.177"/>
  <system-out/>
</testsuite> <!-- qalegend.RoleModule -->
