<?xml version="1.0" encoding="UTF-8"?>
<!-- Generated by org.testng.reporters.JUnitReportReporter -->
<testsuite hostname="LAPTOP-GKHRCD72" failures="0" tests="1" name="qalegend.LoginTestCase" time="8.340" errors="0" timestamp="2023-04-24T08:38:43 IST" skipped="0">
  <testcase classname="qalegend.LoginTestCase" name="verifyLoginWithValidUsernameAndValidPassword" time="8.340"/>
  <system-out/>
</testsuite> <!-- qalegend.LoginTestCase -->
