<?xml version="1.0" encoding="UTF-8"?>
<!-- Generated by org.testng.reporters.JUnitReportReporter -->
<testsuite hostname="LAPTOP-GKHRCD72" failures="0" tests="2" name="qalegend.LoginTestCase" time="20.545" errors="0" timestamp="2023-06-13T20:44:11 IST" skipped="0">
  <testcase classname="qalegend.LoginTestCase" name="verifyLoginWithValidUsernameAndValidPassword" time="12.275"/>
  <system-out/>
  <testcase classname="qalegend.LoginTestCase" name="verifyLoginWithValidUsernameAndInvalidPassword" time="8.270"/>
  <system-out/>
</testsuite> <!-- qalegend.LoginTestCase -->
