<?xml version="1.0" encoding="UTF-8"?>
<!-- Generated by org.testng.reporters.JUnitReportReporter -->
<testsuite hostname="LAPTOP-GKHRCD72" failures="0" tests="8" name="qalegend.UserManagementModule" time="116.093" errors="0" timestamp="2023-06-13T20:44:11 IST" skipped="0">
  <testcase classname="qalegend.UserManagementModule" name="verifyUserDeletedOnAcceptingConfirmationMessage" time="12.775"/>
  <system-out/>
  <testcase classname="qalegend.UserManagementModule" name="verifyUserCreationWithValidData" time="14.278"/>
  <system-out/>
  <testcase classname="qalegend.UserManagementModule" name="verifySearchUserFunctionality" time="13.575"/>
  <system-out/>
  <testcase classname="qalegend.UserManagementModule" name="verifyUserNotDeletedOnClickingCancelOfConfirmationMessage" time="12.864"/>
  <system-out/>
  <testcase classname="qalegend.UserManagementModule" name="verifyEditUserFunction" time="15.877"/>
  <system-out/>
  <testcase classname="qalegend.UserManagementModule" name="verifyInactiveUserCase" time="19.611"/>
  <system-out/>
  <testcase classname="qalegend.UserManagementModule" name="verifyViewUserFunctionality" time="13.242"/>
  <system-out/>
  <testcase classname="qalegend.UserManagementModule" name="verifyErrorMessageOnEnteringExistingUsernameInUserCreationPage" time="13.871"/>
  <system-out/>
</testsuite> <!-- qalegend.UserManagementModule -->
