<?xml version="1.0" encoding="UTF-8"?>
<!-- Generated by org.testng.reporters.JUnitReportReporter -->
<testsuite hostname="LAPTOP-GKHRCD72" failures="0" tests="5" name="qalegend.RoleModule" time="73.669" errors="0" timestamp="2023-06-13T19:53:38 IST" skipped="0">
  <testcase classname="qalegend.RoleModule" name="verifyEditRoleFunction" time="17.199"/>
  <system-out/>
  <testcase classname="qalegend.RoleModule" name="verifyUserIsAbleToDeleteRoleOnAcceptingConfirmationMessage" time="12.442"/>
  <system-out/>
  <testcase classname="qalegend.RoleModule" name="verifyValidationMessageShownOnSearchingANonExistingRoleName" time="13.579"/>
  <system-out/>
  <testcase classname="qalegend.RoleModule" name="verifyAddRoleFunction" time="18.311"/>
  <system-out/>
  <testcase classname="qalegend.RoleModule" name="verifyUserIsNotAbleToDeleteRoleIfConfirmationMessageIsCancelled" time="12.138"/>
  <system-out/>
</testsuite> <!-- qalegend.RoleModule -->
