<?xml version="1.0" encoding="UTF-8"?>
<!-- Generated by org.testng.reporters.JUnitReportReporter -->
<testsuite hostname="LAPTOP-GKHRCD72" failures="0" tests="5" name="qalegend.RoleModule" time="62.871" errors="0" timestamp="2023-06-13T20:44:11 IST" skipped="0">
  <testcase classname="qalegend.RoleModule" name="verifyAddRoleFunction" time="15.056"/>
  <system-out/>
  <testcase classname="qalegend.RoleModule" name="verifyUserIsAbleToDeleteRoleOnAcceptingConfirmationMessage" time="10.240"/>
  <system-out/>
  <testcase classname="qalegend.RoleModule" name="verifyUserIsNotAbleToDeleteRoleIfConfirmationMessageIsCancelled" time="11.899"/>
  <system-out/>
  <testcase classname="qalegend.RoleModule" name="verifyValidationMessageShownOnSearchingANonExistingRoleName" time="10.901"/>
  <system-out/>
  <testcase classname="qalegend.RoleModule" name="verifyEditRoleFunction" time="14.775"/>
  <system-out/>
</testsuite> <!-- qalegend.RoleModule -->
