<?xml version="1.0" encoding="UTF-8"?>
<!-- Generated by org.testng.reporters.JUnitReportReporter -->
<testsuite hostname="LAPTOP-GKHRCD72" failures="0" tests="1" name="qalegend.AddExpensesTestCase" time="17.026" errors="0" timestamp="2023-06-17T15:09:31 IST" skipped="0">
  <testcase classname="qalegend.AddExpensesTestCase" name="verifyIfUserIsAbleToAddExpensSuccessfully" time="17.026"/>
  <system-out/>
</testsuite> <!-- qalegend.AddExpensesTestCase -->
