<?xml version="1.0" encoding="UTF-8"?>
<!-- Generated by org.testng.reporters.JUnitReportReporter -->
<testsuite hostname="LAPTOP-GKHRCD72" failures="0" tests="5" name="qalegend.RoleModule" time="75.749" errors="0" timestamp="2023-06-11T19:30:50 IST" skipped="0">
  <testcase classname="qalegend.RoleModule" name="verifyUserIsNotAbleToDeleteRoleIfConfirmationMessageIsCancelled" time="12.510"/>
  <system-out/>
  <testcase classname="qalegend.RoleModule" name="verifyAddRoleFunction" time="18.905"/>
  <system-out/>
  <testcase classname="qalegend.RoleModule" name="verifyEditRoleFunction" time="17.741"/>
  <system-out/>
  <testcase classname="qalegend.RoleModule" name="verifyUserIsAbleToDeleteRoleOnAcceptingConfirmationMessage" time="15.084"/>
  <system-out/>
  <testcase classname="qalegend.RoleModule" name="verifyValidationMessageShownOnSearchingANonExistingRoleName" time="11.509"/>
  <system-out/>
</testsuite> <!-- qalegend.RoleModule -->
